#
# A fatal error has been detected by the Java Runtime Environment:
#
#  EXCEPTION_ACCESS_VIOLATION (0xc0000005) at pc=0x000000005fbd72f5, pid=15340, tid=18732
#
# JRE version: Java(TM) SE Runtime Environment (8.0_05-b13) (build 1.8.0_05-b13)
# Java VM: Java HotSpot(TM) 64-Bit Server VM (25.5-b02 mixed mode windows-amd64 compressed oops)
# Problematic frame:
# V  [jvm.dll+0x1172f5]
#
# Failed to write core dump. Minidumps are not enabled by default on client versions of Windows
#
# If you would like to submit a bug report, please visit:
#   http://bugreport.sun.com/bugreport/crash.jsp
#

---------------  T H R E A D  ---------------

Current thread (0x0000000014179800):  JavaThread "JDWP Transport Listener: dt_socket" daemon [_thread_in_vm, id=18732, stack(0x0000000015390000,0x0000000015490000)]

siginfo: ExceptionCode=0xc0000005, reading address 0xffffffffffffffff

Registers:
RAX=0x000000001548f501, RBX=0x0000000014179800, RCX=0x452470614d6c6163, RDX=0x0000000000000000
RSP=0x000000001548f590, RBP=0x452470614d6c6163, RSI=0x000000001548f6a8, RDI=0x0000000001f09040
R8 =0x0000000014179800, R9 =0x0000000015d80e20, R10=0x00007ff8e3290000, R11=0x000000001548f8ce
R12=0x0000000000000000, R13=0x000000001417a6a8, R14=0x0000000000000000, R15=0x0000000000000000
RIP=0x000000005fbd72f5, EFLAGS=0x0000000000010206

Top of Stack: (sp=0x000000001548f590)
0x000000001548f590:   0000000014179800 0000000014179800
0x000000001548f5a0:   000000001548f658 000000005fdca04b
0x000000001548f5b0:   0000000014179800 000000005fde68ad
0x000000001548f5c0:   0000000000000000 000000005f9c9149
0x000000001548f5d0:   000000001418b980 000000005f9d2912
0x000000001548f5e0:   0000000014179800 0000000000000000
0x000000001548f5f0:   0000000000000000 0000000000000000
0x000000001548f600:   452470614d6c6163 000000005f9d1a09
0x000000001548f610:   000000001548f6a8 000000001548f680
0x000000001548f620:   0000000000000001 000000001418b980
0x000000001548f630:   452470614d6c6163 000000005f9b53b3
0x000000001548f640:   000000001548f770 0000000000000001
0x000000001548f650:   0000000000000001 000000001418b980
0x000000001548f660:   00000000f000100a 0000000000000000
0x000000001548f670:   0000000000000000 0000000000000000
0x000000001548f680:   0000000000000001 000000005f9b5571 

Instructions: (pc=0x000000005fbd72f5)
0x000000005fbd72d5:   cc cc cc cc cc cc cc cc cc cc cc 48 83 ec 28 48
0x000000005fbd72e5:   85 c9 75 07 33 c0 48 83 c4 28 c3 48 89 5c 24 20
0x000000005fbd72f5:   48 8b 19 48 85 db 74 20 48 83 fb 37 74 1a 48 8b
0x000000005fbd7305:   13 48 8b cb ff 52 08 84 c0 74 0d 48 8b c3 48 8b 


Register to memory mapping:

RAX=0x000000001548f501 is pointing into the stack for thread: 0x0000000014179800
RBX=0x0000000014179800 is a thread
RCX=0x452470614d6c6163 is an unknown value
RDX=0x0000000000000000 is an unknown value
RSP=0x000000001548f590 is pointing into the stack for thread: 0x0000000014179800
RBP=0x452470614d6c6163 is an unknown value
RSI=0x000000001548f6a8 is pointing into the stack for thread: 0x0000000014179800
RDI=0x0000000001f09040 is an unknown value
R8 =0x0000000014179800 is a thread
R9 =0x0000000015d80e20 is an unknown value
R10=0x00007ff8e3290000 is an unknown value
R11=0x000000001548f8ce is pointing into the stack for thread: 0x0000000014179800
R12=0x0000000000000000 is an unknown value
R13=0x000000001417a6a8 is an unknown value
R14=0x0000000000000000 is an unknown value
R15=0x0000000000000000 is an unknown value


Stack: [0x0000000015390000,0x0000000015490000],  sp=0x000000001548f590,  free space=1021k
Native frames: (J=compiled Java code, j=interpreted, Vv=VM code, C=native code)
V  [jvm.dll+0x1172f5]
V  [jvm.dll+0x3268ad]
C  [jdwp.dll+0x21a09]
C  [jdwp.dll+0x53b3]
C  [jdwp.dll+0x5571]
C  [jdwp.dll+0xf09c]
C  [jdwp.dll+0x1f2c9]
C  [jdwp.dll+0x1f49e]
V  [jvm.dll+0x1a7128]
V  [jvm.dll+0x2232c4]
V  [jvm.dll+0x27baca]
C  [msvcr100.dll+0x21d9f]
C  [msvcr100.dll+0x21e3b]
C  [KERNEL32.DLL+0x15bd]
C  [ntdll.dll+0x743d1]


---------------  P R O C E S S  ---------------

Java Threads: ( => current thread )
  0x00000000141e9800 JavaThread "Service Thread" daemon [_thread_blocked, id=14752, stack(0x0000000015890000,0x0000000015990000)]
  0x00000000141e4000 JavaThread "C1 CompilerThread1" daemon [_thread_blocked, id=18872, stack(0x0000000015790000,0x0000000015890000)]
  0x0000000014199800 JavaThread "C2 CompilerThread0" daemon [_thread_blocked, id=12828, stack(0x0000000015690000,0x0000000015790000)]
  0x000000001417d800 JavaThread "JDWP Command Reader" daemon [_thread_in_native, id=13748, stack(0x0000000015590000,0x0000000015690000)]
  0x000000001417c000 JavaThread "JDWP Event Helper Thread" daemon [_thread_blocked, id=17036, stack(0x0000000015490000,0x0000000015590000)]
=>0x0000000014179800 JavaThread "JDWP Transport Listener: dt_socket" daemon [_thread_in_vm, id=18732, stack(0x0000000015390000,0x0000000015490000)]
  0x000000001416a000 JavaThread "Attach Listener" daemon [_thread_blocked, id=16196, stack(0x0000000014fb0000,0x00000000150b0000)]
  0x0000000014166000 JavaThread "Signal Dispatcher" daemon [_thread_blocked, id=16856, stack(0x0000000014eb0000,0x0000000014fb0000)]
  0x0000000014128000 JavaThread "Finalizer" daemon [_thread_blocked, id=13548, stack(0x0000000014db0000,0x0000000014eb0000)]
  0x000000001411f800 JavaThread "Reference Handler" daemon [_thread_blocked, id=9448, stack(0x0000000014cb0000,0x0000000014db0000)]
  0x0000000001f0d800 JavaThread "main" [_thread_blocked, id=7264, stack(0x0000000000440000,0x0000000000540000)]

Other Threads:
  0x000000001411b800 VMThread [stack: 0x0000000014bb0000,0x0000000014cb0000] [id=16476]
  0x00000000141eb000 WatcherThread [stack: 0x0000000015990000,0x0000000015a90000] [id=11692]

VM state:not at safepoint (normal execution)

VM Mutex/Monitor currently owned by a thread: None

Heap:
 PSYoungGen      total 1024K, used 929K [0x00000000eb300000, 0x00000000eb500000, 0x0000000100000000)
  eden space 512K, 84% used [0x00000000eb300000,0x00000000eb36c410,0x00000000eb380000)
  from space 512K, 96% used [0x00000000eb380000,0x00000000eb3fc010,0x00000000eb400000)
  to   space 512K, 0% used [0x00000000eb480000,0x00000000eb480000,0x00000000eb500000)
 ParOldGen       total 64000K, used 288K [0x00000000c1800000, 0x00000000c5680000, 0x00000000eb300000)
  object space 64000K, 0% used [0x00000000c1800000,0x00000000c1848020,0x00000000c5680000)
 Metaspace       used 4412K, capacity 4798K, committed 4992K, reserved 1056768K
  class space    used 509K, capacity 573K, committed 640K, reserved 1048576K

Card table byte_map: [0x00000000112d0000,0x00000000114d0000] byte_map_base: 0x0000000010cc4000

Marking Bits: (ParMarkBitMap*) 0x00000000602713b0
 Begin Bits: [0x00000000116d0000, 0x0000000012670000)
 End Bits:   [0x0000000012670000, 0x0000000013610000)

Polling page: 0x00000000002f0000

CodeCache: size=245760Kb used=1562Kb max_used=1562Kb free=244197Kb
 bounds [0x0000000001f10000, 0x0000000002180000, 0x0000000010f10000]
 total_blobs=524 nmethods=228 adapters=219
 compilation: enabled

Compilation events (10 events):
Event: 0.532 Thread 0x00000000141e4000  220       3       jdk.internal.org.objectweb.asm.ByteVector::putInt (74 bytes)
Event: 0.533 Thread 0x00000000141e4000 nmethod 220 0x0000000002091a10 code [0x0000000002091b80, 0x0000000002091e28]
Event: 0.533 Thread 0x00000000141e4000  221       1       java.lang.invoke.MethodTypeForm::erasedType (5 bytes)
Event: 0.533 Thread 0x00000000141e4000 nmethod 221 0x0000000002091fd0 code [0x0000000002092120, 0x0000000002092230]
Event: 0.533 Thread 0x00000000141e4000  223       3       jdk.internal.org.objectweb.asm.Frame::type (416 bytes)
Event: 0.534 Thread 0x00000000141e4000 nmethod 223 0x0000000002092410 code [0x00000000020926a0, 0x0000000002093828]
Event: 0.537 Thread 0x00000000141e4000  227       3       sun.invoke.util.Wrapper::forBasicType (90 bytes)
Event: 0.538 Thread 0x00000000141e4000 nmethod 227 0x0000000002094ad0 code [0x0000000002094d40, 0x0000000002095b58]
Event: 0.538 Thread 0x00000000141e4000  228       3       jdk.internal.org.objectweb.asm.ClassWriter::newClassItem (70 bytes)
Event: 0.538 Thread 0x00000000141e4000 nmethod 228 0x00000000020964d0 code [0x0000000002096680, 0x0000000002096ad8]

GC Heap History (6 events):
Event: 0.354 GC heap before
{Heap before GC invocations=1 (full 0):
 PSYoungGen      total 1024K, used 511K [0x00000000eb300000, 0x00000000eb480000, 0x0000000100000000)
  eden space 512K, 99% used [0x00000000eb300000,0x00000000eb37fd38,0x00000000eb380000)
  from space 512K, 0% used [0x00000000eb400000,0x00000000eb400000,0x00000000eb480000)
  to   space 512K, 0% used [0x00000000eb380000,0x00000000eb380000,0x00000000eb400000)
 ParOldGen       total 64000K, used 0K [0x00000000c1800000, 0x00000000c5680000, 0x00000000eb300000)
  object space 64000K, 0% used [0x00000000c1800000,0x00000000c1800000,0x00000000c5680000)
 Metaspace       used 2621K, capacity 4566K, committed 4864K, reserved 1056768K
  class space    used 289K, capacity 390K, committed 512K, reserved 1048576K
Event: 0.355 GC heap after
Heap after GC invocations=1 (full 0):
 PSYoungGen      total 1024K, used 400K [0x00000000eb300000, 0x00000000eb480000, 0x0000000100000000)
  eden space 512K, 0% used [0x00000000eb300000,0x00000000eb300000,0x00000000eb380000)
  from space 512K, 78% used [0x00000000eb380000,0x00000000eb3e4010,0x00000000eb400000)
  to   space 512K, 0% used [0x00000000eb400000,0x00000000eb400000,0x00000000eb480000)
 ParOldGen       total 64000K, used 8K [0x00000000c1800000, 0x00000000c5680000, 0x00000000eb300000)
  object space 64000K, 0% used [0x00000000c1800000,0x00000000c1802000,0x00000000c5680000)
 Metaspace       used 2621K, capacity 4566K, committed 4864K, reserved 1056768K
  class space    used 289K, capacity 390K, committed 512K, reserved 1048576K
}
Event: 0.413 GC heap before
{Heap before GC invocations=2 (full 0):
 PSYoungGen      total 1024K, used 912K [0x00000000eb300000, 0x00000000eb480000, 0x0000000100000000)
  eden space 512K, 100% used [0x00000000eb300000,0x00000000eb380000,0x00000000eb380000)
  from space 512K, 78% used [0x00000000eb380000,0x00000000eb3e4010,0x00000000eb400000)
  to   space 512K, 0% used [0x00000000eb400000,0x00000000eb400000,0x00000000eb480000)
 ParOldGen       total 64000K, used 8K [0x00000000c1800000, 0x00000000c5680000, 0x00000000eb300000)
  object space 64000K, 0% used [0x00000000c1800000,0x00000000c1802000,0x00000000c5680000)
 Metaspace       used 3509K, capacity 4600K, committed 4864K, reserved 1056768K
  class space    used 387K, capacity 424K, committed 512K, reserved 1048576K
Event: 0.414 GC heap after
Heap after GC invocations=2 (full 0):
 PSYoungGen      total 1024K, used 496K [0x00000000eb300000, 0x00000000eb500000, 0x0000000100000000)
  eden space 512K, 0% used [0x00000000eb300000,0x00000000eb300000,0x00000000eb380000)
  from space 512K, 96% used [0x00000000eb400000,0x00000000eb47c010,0x00000000eb480000)
  to   space 512K, 0% used [0x00000000eb380000,0x00000000eb380000,0x00000000eb400000)
 ParOldGen       total 64000K, used 152K [0x00000000c1800000, 0x00000000c5680000, 0x00000000eb300000)
  object space 64000K, 0% used [0x00000000c1800000,0x00000000c1826000,0x00000000c5680000)
 Metaspace       used 3509K, capacity 4600K, committed 4864K, reserved 1056768K
  class space    used 387K, capacity 424K, committed 512K, reserved 1048576K
}
Event: 0.469 GC heap before
{Heap before GC invocations=3 (full 0):
 PSYoungGen      total 1024K, used 1008K [0x00000000eb300000, 0x00000000eb500000, 0x0000000100000000)
  eden space 512K, 100% used [0x00000000eb300000,0x00000000eb380000,0x00000000eb380000)
  from space 512K, 96% used [0x00000000eb400000,0x00000000eb47c010,0x00000000eb480000)
  to   space 512K, 0% used [0x00000000eb380000,0x00000000eb380000,0x00000000eb400000)
 ParOldGen       total 64000K, used 152K [0x00000000c1800000, 0x00000000c5680000, 0x00000000eb300000)
  object space 64000K, 0% used [0x00000000c1800000,0x00000000c1826000,0x00000000c5680000)
 Metaspace       used 3977K, capacity 4680K, committed 4864K, reserved 1056768K
  class space    used 442K, capacity 484K, committed 512K, reserved 1048576K
Event: 0.471 GC heap after
Heap after GC invocations=3 (full 0):
 PSYoungGen      total 1024K, used 496K [0x00000000eb300000, 0x00000000eb500000, 0x0000000100000000)
  eden space 512K, 0% used [0x00000000eb300000,0x00000000eb300000,0x00000000eb380000)
  from space 512K, 96% used [0x00000000eb380000,0x00000000eb3fc010,0x00000000eb400000)
  to   space 512K, 0% used [0x00000000eb480000,0x00000000eb480000,0x00000000eb500000)
 ParOldGen       total 64000K, used 288K [0x00000000c1800000, 0x00000000c5680000, 0x00000000eb300000)
  object space 64000K, 0% used [0x00000000c1800000,0x00000000c1848020,0x00000000c5680000)
 Metaspace       used 3977K, capacity 4680K, committed 4864K, reserved 1056768K
  class space    used 442K, capacity 484K, committed 512K, reserved 1048576K
}

Deoptimization events (0 events):
No events

Internal exceptions (10 events):
Event: 0.408 Thread 0x0000000001f0d800 Exception <a 'java/security/PrivilegedActionException'> (0x00000000eb378c90) thrown at [D:\re\workspace\8-2-build-windows-amd64-cygwin\jdk8u5\2488\hotspot\src\share\vm\prims\jvm.cpp, line 1248]
Event: 0.408 Thread 0x0000000001f0d800 Exception <a 'java/security/PrivilegedActionException'> (0x00000000eb37a628) thrown at [D:\re\workspace\8-2-build-windows-amd64-cygwin\jdk8u5\2488\hotspot\src\share\vm\prims\jvm.cpp, line 1248]
Event: 0.409 Thread 0x0000000001f0d800 Exception <a 'java/security/PrivilegedActionException'> (0x00000000eb37bfd8) thrown at [D:\re\workspace\8-2-build-windows-amd64-cygwin\jdk8u5\2488\hotspot\src\share\vm\prims\jvm.cpp, line 1248]
Event: 0.416 Thread 0x0000000001f0d800 Exception <a 'java/security/PrivilegedActionException'> (0x00000000eb302a88) thrown at [D:\re\workspace\8-2-build-windows-amd64-cygwin\jdk8u5\2488\hotspot\src\share\vm\prims\jvm.cpp, line 1248]
Event: 0.417 Thread 0x0000000001f0d800 Exception <a 'java/security/PrivilegedActionException'> (0x00000000eb303f60) thrown at [D:\re\workspace\8-2-build-windows-amd64-cygwin\jdk8u5\2488\hotspot\src\share\vm\prims\jvm.cpp, line 1248]
Event: 0.418 Thread 0x0000000001f0d800 Exception <a 'java/security/PrivilegedActionException'> (0x00000000eb306810) thrown at [D:\re\workspace\8-2-build-windows-amd64-cygwin\jdk8u5\2488\hotspot\src\share\vm\prims\jvm.cpp, line 1248]
Event: 0.433 Thread 0x0000000001f0d800 Exception <a 'java/lang/ClassNotFoundException': java/lang/Null> (0x00000000eb3217f8) thrown at [D:\re\workspace\8-2-build-windows-amd64-cygwin\jdk8u5\2488\hotspot\src\share\vm\classfile\systemDictionary.cpp, line 202]
Event: 0.457 Thread 0x0000000001f0d800 Exception <a 'java/lang/NoSuchFieldError': method resolution failed> (0x00000000eb37a1c0) thrown at [D:\re\workspace\8-2-build-windows-amd64-cygwin\jdk8u5\2488\hotspot\src\share\vm\prims\methodHandles.cpp, line 1159]
Event: 0.473 Thread 0x0000000001f0d800 Exception <a 'java/lang/NoSuchFieldError': method resolution failed> (0x00000000eb308e28) thrown at [D:\re\workspace\8-2-build-windows-amd64-cygwin\jdk8u5\2488\hotspot\src\share\vm\prims\methodHandles.cpp, line 1159]
Event: 0.477 Thread 0x0000000001f0d800 Exception <a 'java/lang/NoSuchFieldError': method resolution failed> (0x00000000eb30c8c0) thrown at [D:\re\workspace\8-2-build-windows-amd64-cygwin\jdk8u5\2488\hotspot\src\share\vm\prims\methodHandles.cpp, line 1159]

Events (10 events):
Event: 108.786 Executing VM operation: RedefineClasses
Event: 108.788 Executing VM operation: RedefineClasses done
Event: 108.831 Executing VM operation: ChangeBreakpoints
Event: 108.831 Executing VM operation: ChangeBreakpoints done
Event: 164.070 Executing VM operation: RedefineClasses
Event: 164.072 Executing VM operation: RedefineClasses done
Event: 164.101 Executing VM operation: ChangeBreakpoints
Event: 164.101 Executing VM operation: ChangeBreakpoints done
Event: 775.796 Executing VM operation: RedefineClasses
Event: 775.798 Executing VM operation: RedefineClasses done


Dynamic libraries:
0x00007ff742db0000 - 0x00007ff742de4000 	C:\Program Files\Java\jre8\bin\javaw.exe
0x00007ff8e3290000 - 0x00007ff8e3439000 	C:\windows\SYSTEM32\ntdll.dll
0x00007ff8e0c80000 - 0x00007ff8e0db9000 	C:\windows\system32\KERNEL32.DLL
0x00007ff8e07e0000 - 0x00007ff8e08ee000 	C:\windows\system32\KERNELBASE.dll
0x00007ff8de810000 - 0x00007ff8de89b000 	C:\windows\system32\apphelp.dll
0x00007ff8c2850000 - 0x00007ff8c289c000 	C:\windows\AppPatch\AppPatch64\AcGenral.DLL
0x00007ff8e1bf0000 - 0x00007ff8e1c97000 	C:\windows\system32\msvcrt.dll
0x00007ff8e04c0000 - 0x00007ff8e04eb000 	C:\windows\SYSTEM32\SspiCli.dll
0x00007ff8e1b80000 - 0x00007ff8e1bd1000 	C:\windows\system32\SHLWAPI.dll
0x00007ff8e17e0000 - 0x00007ff8e1951000 	C:\windows\system32\USER32.dll
0x00007ff8e0fc0000 - 0x00007ff8e1136000 	C:\windows\system32\ole32.dll
0x00007ff8e1e80000 - 0x00007ff8e328f000 	C:\windows\system32\SHELL32.dll
0x00007ff8df7f0000 - 0x00007ff8df80f000 	C:\windows\SYSTEM32\USERENV.dll
0x00007ff8e0b20000 - 0x00007ff8e0bc5000 	C:\windows\system32\ADVAPI32.dll
0x00007ff8dddc0000 - 0x00007ff8ddddb000 	C:\windows\SYSTEM32\MPR.dll
0x00007ff8e11a0000 - 0x00007ff8e12d6000 	C:\windows\system32\RPCRT4.dll
0x00007ff8e1140000 - 0x00007ff8e1197000 	C:\windows\SYSTEM32\sechost.dll
0x00007ff8e1ca0000 - 0x00007ff8e1e77000 	C:\windows\SYSTEM32\combase.dll
0x00007ff8e1970000 - 0x00007ff8e1ab5000 	C:\windows\system32\GDI32.dll
0x00007ff8e0610000 - 0x00007ff8e0624000 	C:\windows\SYSTEM32\profapi.dll
0x00007ff8dfc20000 - 0x00007ff8dfcc1000 	C:\windows\SYSTEM32\SHCORE.dll
0x00007ff8e12e0000 - 0x00007ff8e1314000 	C:\windows\system32\IMM32.DLL
0x00007ff8e1320000 - 0x00007ff8e1458000 	C:\windows\system32\MSCTF.dll
0x00007ff8dff70000 - 0x00007ff8e01ca000 	C:\windows\WinSxS\amd64_microsoft.windows.common-controls_6595b64144ccf1df_6.0.9600.16384_none_62475f7becb72503\COMCTL32.dll
0x00000000602f0000 - 0x00000000603c2000 	C:\Program Files\Java\jre8\bin\msvcr100.dll
0x000000005fac0000 - 0x00000000602ea000 	C:\Program Files\Java\jre8\bin\server\jvm.dll
0x00007ff8da540000 - 0x00007ff8da549000 	C:\windows\SYSTEM32\WSOCK32.dll
0x00007ff8d8ba0000 - 0x00007ff8d8bbf000 	C:\windows\SYSTEM32\WINMM.dll
0x00007ff8e1be0000 - 0x00007ff8e1be7000 	C:\windows\system32\PSAPI.DLL
0x00007ff8e0f60000 - 0x00007ff8e0fb8000 	C:\windows\system32\WS2_32.dll
0x00007ff8d89a0000 - 0x00007ff8d89ca000 	C:\windows\SYSTEM32\WINMMBASE.dll
0x00007ff8e0c70000 - 0x00007ff8e0c79000 	C:\windows\system32\NSI.dll
0x00007ff8e06e0000 - 0x00007ff8e072a000 	C:\windows\SYSTEM32\cfgmgr32.dll
0x00007ff8dea80000 - 0x00007ff8deaa6000 	C:\windows\SYSTEM32\DEVOBJ.dll
0x000000005fab0000 - 0x000000005fabf000 	C:\Program Files\Java\jre8\bin\verify.dll
0x000000005fa80000 - 0x000000005faa8000 	C:\Program Files\Java\jre8\bin\java.dll
0x000000005f9b0000 - 0x000000005f9e5000 	C:\Program Files\Java\jre8\bin\jdwp.dll
0x000000005f9a0000 - 0x000000005f9a8000 	C:\Program Files\Java\jre8\bin\npt.dll
0x000000005fa60000 - 0x000000005fa76000 	C:\Program Files\Java\jre8\bin\zip.dll
0x000000005f990000 - 0x000000005f999000 	C:\Program Files\Java\jre8\bin\dt_socket.dll
0x00007ff8d9640000 - 0x00007ff8d9654000 	C:\windows\system32\napinsp.dll
0x00007ff8d9620000 - 0x00007ff8d9639000 	C:\windows\system32\pnrpnsp.dll
0x00007ff8db940000 - 0x00007ff8db959000 	C:\windows\system32\NLAapi.dll
0x00007ff8dfa40000 - 0x00007ff8dfa98000 	C:\windows\System32\mswsock.dll
0x00007ff8df850000 - 0x00007ff8df8f3000 	C:\windows\SYSTEM32\DNSAPI.dll
0x00007ff8d8b90000 - 0x00007ff8d8b9c000 	C:\windows\System32\winrnr.dll
0x00007ff8d1610000 - 0x00007ff8d1623000 	C:\windows\system32\wshbth.dll
0x00007ff8defa0000 - 0x00007ff8df007000 	C:\windows\System32\fwpuclnt.dll
0x00007ff8d8500000 - 0x00007ff8d8509000 	C:\Windows\System32\rasadhlp.dll
0x00007ff8d1ba0000 - 0x00007ff8d1d28000 	C:\windows\SYSTEM32\dbghelp.dll

VM Arguments:
jvm_args: -agentlib:jdwp=transport=dt_socket,suspend=y,address=localhost:34071 -Dfile.encoding=Cp1251 
java_command: onelevshopapp.Tester
java_class_path (initial): C:\eclipse\proj\OOP-In-Java-HW\bin
Launcher Type: SUN_STANDARD

Environment Variables:
PATH=C:\Program Files (x86)\Intel\iCLS Client\;C:\Program Files\Intel\iCLS Client\;C:\windows\system32;C:\windows;C:\windows\System32\Wbem;C:\windows\System32\WindowsPowerShell\v1.0\;C:\Program Files (x86)\ATI Technologies\ATI.ACE\Core-Static;C:\Program Files\Intel\Intel(R) Management Engine Components\DAL;C:\Program Files\Intel\Intel(R) Management Engine Components\IPT;C:\Program Files (x86)\Intel\Intel(R) Management Engine Components\DAL;C:\Program Files (x86)\Intel\Intel(R) Management Engine Components\IPT;C:\Program Files (x86)\Windows Kits\8.1\Windows Performance Toolkit\;C:\Program Files\Microsoft SQL Server\110\Tools\Binn\;C:\Program Files (x86)\GtkSharp\2.12\bin;C:\Program Files\nodejs\;C:\xampp\php;C:\ProgramData\ComposerSetup\bin;C:\RailsInstaller\Ruby1.9.3\bin;C:\Users\Vera\AppData\Roaming\npm
USERNAME=Vera
OS=Windows_NT
PROCESSOR_IDENTIFIER=Intel64 Family 6 Model 58 Stepping 9, GenuineIntel



---------------  S Y S T E M  ---------------

OS: Windows 8.1 , 64 bit Build 9600 

CPU:total 2 (2 cores per cpu, 1 threads per core) family 6 model 58 stepping 9, cmov, cx8, fxsr, mmx, sse, sse2, sse3, ssse3, sse4.1, sse4.2, popcnt, clmul, erms, tsc, tscinvbit

Memory: 4k page, physical 4089616k(1288232k free), swap 8283920k(4607324k free)

vm_info: Java HotSpot(TM) 64-Bit Server VM (25.5-b02) for windows-amd64 JRE (1.8.0_05-b13), built on Mar 18 2014 01:08:39 by "java_re" with MS VC++ 10.0 (VS2010)

time: Wed Oct 15 11:32:26 2014
elapsed time: 777 seconds

